<?xml version="1.0" encoding="UTF-8"?>
<testsuite xmlns:xsi="http://www.w3.org/2001/XMLSchema-instance" xsi:noNamespaceSchemaLocation="https://maven.apache.org/surefire/maven-surefire-plugin/xsd/surefire-test-report-3.0.xsd" version="3.0" name="com.dynapi.integration.FormControllerIntegrationTest" time="0.982" tests="2" errors="0" skipped="0" failures="0">
  <properties>
[...]
</properties>
  <testcase name="submitForm_returnsSuccessEnvelope" classname="com.dynapi.integration.FormControllerIntegrationTest" time="0.027">
    <system-out><![CDATA[  .   ____          _            __ _ _
 /\\ / ___'_ __ _ _(_)_ __  __ _ \ \ \ \
( ( )\___ | '_ | '_| | '_ \/ _` | \ \ \ \
 \\/  ___)| |_)| | | | | || (_| |  ) ) ) )
  '  |____| .__|_| |_|_| |_\__, | / / / /
 =========|_|==============|___/=/_/_/_/

 :: Spring Boot ::                (v3.3.0)

2026-02-22T23:15:58.693+03:00  INFO 69495 --- [           main] c.d.i.FormControllerIntegrationTest      : Starting FormControllerIntegrationTest using Java 21.0.9 with PID 69495 (started by yunus.akin in /Users/yunus.akin/Documents/projects/Java/dynapi)
2026-02-22T23:15:58.693+03:00 DEBUG 69495 --- [           main] c.d.i.FormControllerIntegrationTest      : Running with Spring Boot v3.3.0, Spring v6.1.8
2026-02-22T23:15:58.693+03:00  INFO 69495 --- [           main] c.d.i.FormControllerIntegrationTest      : The following 1 profile is active: "test"
2026-02-22T23:15:58.945+03:00  INFO 69495 --- [           main] .s.d.r.c.RepositoryConfigurationDelegate : Bootstrapping Spring Data MongoDB repositories in DEFAULT mode.
2026-02-22T23:15:58.959+03:00  INFO 69495 --- [           main] .s.d.r.c.RepositoryConfigurationDelegate : Finished Spring Data repository scanning in 13 ms. Found 2 MongoDB repository interfaces.
2026-02-22T23:15:59.129+03:00  INFO 69495 --- [           main] org.mongodb.driver.client                : MongoClient with metadata {"driver": {"name": "mongo-java-driver|sync|spring-boot", "version": "5.0.1"}, "os": {"type": "Darwin", "name": "Mac OS X", "architecture": "aarch64", "version": "26.3"}, "platform": "Java/Oracle Corporation/21.0.9+7-LTS-338"} created with settings MongoClientSettings{readPreference=primary, writeConcern=WriteConcern{w=null, wTimeout=null ms, journal=null}, retryWrites=true, retryReads=true, readConcern=ReadConcern{level=null}, credential=null, transportSettings=null, commandListeners=[], codecRegistry=ProvidersCodecRegistry{codecProviders=[ValueCodecProvider{}, BsonValueCodecProvider{}, DBRefCodecProvider{}, DBObjectCodecProvider{}, DocumentCodecProvider{}, CollectionCodecProvider{}, IterableCodecProvider{}, MapCodecProvider{}, GeoJsonCodecProvider{}, GridFSFileCodecProvider{}, Jsr310CodecProvider{}, JsonObjectCodecProvider{}, BsonCodecProvider{}, EnumCodecProvider{}, com.mongodb.client.model.mql.ExpressionCodecProvider@7d2c9361, com.mongodb.Jep395RecordCodecProvider@329dc214, com.mongodb.KotlinCodecProvider@fbe70d8]}, loggerSettings=LoggerSettings{maxDocumentLength=1000}, clusterSettings={hosts=[localhost:27017], srvServiceName=mongodb, mode=SINGLE, requiredClusterType=UNKNOWN, requiredReplicaSetName='null', serverSelector='null', clusterListeners='[]', serverSelectionTimeout='30000 ms', localThreshold='15 ms'}, socketSettings=SocketSettings{connectTimeoutMS=10000, readTimeoutMS=0, receiveBufferSize=0, proxySettings=ProxySettings{host=null, port=null, username=null, password=null}}, heartbeatSocketSettings=SocketSettings{connectTimeoutMS=10000, readTimeoutMS=10000, receiveBufferSize=0, proxySettings=ProxySettings{host=null, port=null, username=null, password=null}}, connectionPoolSettings=ConnectionPoolSettings{maxSize=100, minSize=0, maxWaitTimeMS=120000, maxConnectionLifeTimeMS=0, maxConnectionIdleTimeMS=0, maintenanceInitialDelayMS=0, maintenanceFrequencyMS=60000, connectionPoolListeners=[], maxConnecting=2}, serverSettings=ServerSettings{heartbeatFrequencyMS=10000, minHeartbeatFrequencyMS=500, serverListeners='[]', serverMonitorListeners='[]'}, sslSettings=SslSettings{enabled=false, invalidHostNameAllowed=false, context=null}, applicationName='null', compressorList=[], uuidRepresentation=JAVA_LEGACY, serverApi=null, autoEncryptionSettings=null, dnsClient=null, inetAddressResolver=null, contextProvider=null}
2026-02-22T23:15:59.132+03:00  INFO 69495 --- [localhost:27017] org.mongodb.driver.cluster               : Monitor thread successfully connected to server with description ServerDescription{address=localhost:27017, type=STANDALONE, state=CONNECTED, ok=true, minWireVersion=0, maxWireVersion=21, maxDocumentSize=16777216, logicalSessionTimeoutMinutes=30, roundTripTimeNanos=3447875}
2026-02-22T23:15:59.299+03:00  WARN 69495 --- [           main] .s.s.UserDetailsServiceAutoConfiguration : 

Using generated security password: 9f96f9f9-3390-424c-a439-12beb5603a74

This generated password is for development use only. Your security configuration must be updated before running your application in production.

2026-02-22T23:15:59.300+03:00  INFO 69495 --- [           main] r$InitializeUserDetailsManagerConfigurer : Global AuthenticationManager configured with UserDetailsService bean with name inMemoryUserDetailsManager
2026-02-22T23:15:59.382+03:00  INFO 69495 --- [           main] o.s.s.web.DefaultSecurityFilterChain     : Will secure any request with [org.springframework.security.web.session.DisableEncodeUrlFilter@5fd0235c, org.springframework.security.web.context.request.async.WebAsyncManagerIntegrationFilter@6e1d939e, org.springframework.security.web.context.SecurityContextHolderFilter@21f48f6c, org.springframework.security.web.header.HeaderWriterFilter@4ceac22d, org.springframework.web.filter.CorsFilter@56929ce, org.springframework.security.web.authentication.logout.LogoutFilter@28833fff, com.dynapi.security.JwtAuthenticationFilter@7bb6a1f4, org.springframework.security.web.savedrequest.RequestCacheAwareFilter@16745ba7, org.springframework.security.web.servletapi.SecurityContextHolderAwareRequestFilter@c9518ee, org.springframework.security.web.authentication.AnonymousAuthenticationFilter@25a2a71d, org.springframework.security.web.session.SessionManagementFilter@598f065f, org.springframework.security.web.access.ExceptionTranslationFilter@6c8b6782, org.springframework.security.web.access.intercept.AuthorizationFilter@3868c92e]
2026-02-22T23:15:59.556+03:00 DEBUG 69495 --- [           main] c.d.security.JwtAuthenticationFilter     : Filter 'jwtAuthenticationFilter' configured for use
2026-02-22T23:15:59.556+03:00  INFO 69495 --- [           main] o.s.b.t.m.w.SpringBootMockServletContext : Initializing Spring TestDispatcherServlet ''
2026-02-22T23:15:59.556+03:00  INFO 69495 --- [           main] o.s.t.web.servlet.TestDispatcherServlet  : Initializing Servlet ''
2026-02-22T23:15:59.557+03:00  INFO 69495 --- [           main] o.s.t.web.servlet.TestDispatcherServlet  : Completed initialization in 1 ms
2026-02-22T23:15:59.567+03:00  INFO 69495 --- [           main] o.a.k.clients.admin.AdminClientConfig    : AdminClientConfig values: 
	auto.include.jmx.reporter = true
	bootstrap.controllers = []
	bootstrap.servers = [localhost:9092]
	client.dns.lookup = use_all_dns_ips
	client.id = 
	connections.max.idle.ms = 300000
	default.api.timeout.ms = 60000
	enable.metrics.push = true
	metadata.max.age.ms = 300000
	metric.reporters = []
	metrics.num.samples = 2
	metrics.recording.level = INFO
	metrics.sample.window.ms = 30000
	receive.buffer.bytes = 65536
	reconnect.backoff.max.ms = 1000
	reconnect.backoff.ms = 50
	request.timeout.ms = 30000
	retries = 2147483647
	retry.backoff.max.ms = 1000
	retry.backoff.ms = 100
	sasl.client.callback.handler.class = null
	sasl.jaas.config = null
	sasl.kerberos.kinit.cmd = /usr/bin/kinit
	sasl.kerberos.min.time.before.relogin = 60000
	sasl.kerberos.service.name = null
	sasl.kerberos.ticket.renew.jitter = 0.05
	sasl.kerberos.ticket.renew.window.factor = 0.8
	sasl.login.callback.handler.class = null
	sasl.login.class = null
	sasl.login.connect.timeout.ms = null
	sasl.login.read.timeout.ms = null
	sasl.login.refresh.buffer.seconds = 300
	sasl.login.refresh.min.period.seconds = 60
	sasl.login.refresh.window.factor = 0.8
	sasl.login.refresh.window.jitter = 0.05
	sasl.login.retry.backoff.max.ms = 10000
	sasl.login.retry.backoff.ms = 100
	sasl.mechanism = GSSAPI
	sasl.oauthbearer.clock.skew.seconds = 30
	sasl.oauthbearer.expected.audience = null
	sasl.oauthbearer.expected.issuer = null
	sasl.oauthbearer.jwks.endpoint.refresh.ms = 3600000
	sasl.oauthbearer.jwks.endpoint.retry.backoff.max.ms = 10000
	sasl.oauthbearer.jwks.endpoint.retry.backoff.ms = 100
	sasl.oauthbearer.jwks.endpoint.url = null
	sasl.oauthbearer.scope.claim.name = scope
	sasl.oauthbearer.sub.claim.name = sub
	sasl.oauthbearer.token.endpoint.url = null
	security.protocol = PLAINTEXT
	security.providers = null
	send.buffer.bytes = 131072
	socket.connection.setup.timeout.max.ms = 30000
	socket.connection.setup.timeout.ms = 10000
	ssl.cipher.suites = null
	ssl.enabled.protocols = [TLSv1.2, TLSv1.3]
	ssl.endpoint.identification.algorithm = https
	ssl.engine.factory.class = null
	ssl.key.password = null
	ssl.keymanager.algorithm = SunX509
	ssl.keystore.certificate.chain = null
	ssl.keystore.key = null
	ssl.keystore.location = null
	ssl.keystore.password = null
	ssl.keystore.type = JKS
	ssl.protocol = TLSv1.3
	ssl.provider = null
	ssl.secure.random.implementation = null
	ssl.trustmanager.algorithm = PKIX
	ssl.truststore.certificates = null
	ssl.truststore.location = null
	ssl.truststore.password = null
	ssl.truststore.type = JKS

2026-02-22T23:15:59.571+03:00  INFO 69495 --- [           main] o.a.kafka.common.utils.AppInfoParser     : Kafka version: 3.7.0
2026-02-22T23:15:59.571+03:00  INFO 69495 --- [           main] o.a.kafka.common.utils.AppInfoParser     : Kafka commitId: 2ae524ed625438c5
2026-02-22T23:15:59.571+03:00  INFO 69495 --- [           main] o.a.kafka.common.utils.AppInfoParser     : Kafka startTimeMs: 1771791359571
2026-02-22T23:15:59.583+03:00  INFO 69495 --- [| adminclient-3] o.a.kafka.common.utils.AppInfoParser     : App info kafka.admin.client for adminclient-3 unregistered
2026-02-22T23:15:59.585+03:00  INFO 69495 --- [| adminclient-3] o.apache.kafka.common.metrics.Metrics    : Metrics scheduler closed
2026-02-22T23:15:59.586+03:00  INFO 69495 --- [| adminclient-3] o.apache.kafka.common.metrics.Metrics    : Closing reporter org.apache.kafka.common.metrics.JmxReporter
2026-02-22T23:15:59.586+03:00  INFO 69495 --- [| adminclient-3] o.apache.kafka.common.metrics.Metrics    : Metrics reporters closed
2026-02-22T23:15:59.594+03:00  INFO 69495 --- [           main] c.d.i.FormControllerIntegrationTest      : Started FormControllerIntegrationTest in 0.924 seconds (process running for 6.723)
]]></system-out>
  </testcase>
  <testcase name="submitForm_returnsBadRequestWhenServiceThrowsIllegalArgument" classname="com.dynapi.integration.FormControllerIntegrationTest" time="0.015"/>
</testsuite>