<?xml version="1.0" encoding="UTF-8"?>
<testsuite xmlns:xsi="http://www.w3.org/2001/XMLSchema-instance" xsi:noNamespaceSchemaLocation="https://maven.apache.org/surefire/maven-surefire-plugin/xsd/surefire-test-report-3.0.xsd" version="3.0" name="com.dynapi.dynapi.DynapiApplicationTests" time="3.066" tests="1" errors="0" skipped="0" failures="0">
  <properties>
[...]
</properties>
  <testcase name="contextLoads" classname="com.dynapi.dynapi.DynapiApplicationTests" time="0.614">
    <system-out><![CDATA[17:20:08.111 [main] INFO org.springframework.test.context.support.AnnotationConfigContextLoaderUtils -- Could not detect default configuration classes for test class [com.dynapi.dynapi.DynapiApplicationTests]: DynapiApplicationTests does not declare any static, non-private, non-final, nested classes annotated with @Configuration.
17:20:08.199 [main] INFO org.springframework.boot.test.context.SpringBootTestContextBootstrapper -- Found @SpringBootConfiguration com.dynapi.dynapi.DynapiApplication for test class com.dynapi.dynapi.DynapiApplicationTests
  .   ____          _            __ _ _
 /\\ / ___'_ __ _ _(_)_ __  __ _ \ \ \ \
( ( )\___ | '_ | '_| | '_ \/ _` | \ \ \ \
 \\/  ___)| |_)| | | | | || (_| |  ) ) ) )
  '  |____| .__|_| |_|_| |_\__, | / / / /
 =========|_|==============|___/=/_/_/_/

 :: Spring Boot ::                (v3.3.0)

2025-07-21T17:20:08.568+03:00  INFO 59443 --- [           main] c.dynapi.dynapi.DynapiApplicationTests   : Starting DynapiApplicationTests using Java 21.0.7 with PID 59443 (started by yunusakin in /Users/yunusakin/Docs/Documents/dynapi)
2025-07-21T17:20:08.569+03:00 DEBUG 59443 --- [           main] c.dynapi.dynapi.DynapiApplicationTests   : Running with Spring Boot v3.3.0, Spring v6.1.8
2025-07-21T17:20:08.570+03:00  INFO 59443 --- [           main] c.dynapi.dynapi.DynapiApplicationTests   : The following 1 profile is active: "test"
2025-07-21T17:20:09.310+03:00  INFO 59443 --- [           main] .s.d.r.c.RepositoryConfigurationDelegate : Bootstrapping Spring Data MongoDB repositories in DEFAULT mode.
2025-07-21T17:20:09.322+03:00  INFO 59443 --- [           main] .s.d.r.c.RepositoryConfigurationDelegate : Finished Spring Data repository scanning in 8 ms. Found 0 MongoDB repository interfaces.
2025-07-21T17:20:10.175+03:00  INFO 59443 --- [           main] org.mongodb.driver.client                : MongoClient with metadata {"driver": {"name": "mongo-java-driver|sync|spring-boot", "version": "5.0.1"}, "os": {"type": "Darwin", "name": "Mac OS X", "architecture": "aarch64", "version": "15.5"}, "platform": "Java/Microsoft/21.0.7+6-LTS"} created with settings MongoClientSettings{readPreference=primary, writeConcern=WriteConcern{w=null, wTimeout=null ms, journal=null}, retryWrites=true, retryReads=true, readConcern=ReadConcern{level=null}, credential=null, transportSettings=null, commandListeners=[], codecRegistry=ProvidersCodecRegistry{codecProviders=[ValueCodecProvider{}, BsonValueCodecProvider{}, DBRefCodecProvider{}, DBObjectCodecProvider{}, DocumentCodecProvider{}, CollectionCodecProvider{}, IterableCodecProvider{}, MapCodecProvider{}, GeoJsonCodecProvider{}, GridFSFileCodecProvider{}, Jsr310CodecProvider{}, JsonObjectCodecProvider{}, BsonCodecProvider{}, EnumCodecProvider{}, com.mongodb.client.model.mql.ExpressionCodecProvider@4cc7e3ad, com.mongodb.Jep395RecordCodecProvider@5dd6a4c8, com.mongodb.KotlinCodecProvider@47be41c6]}, loggerSettings=LoggerSettings{maxDocumentLength=1000}, clusterSettings={hosts=[localhost:27017], srvServiceName=mongodb, mode=SINGLE, requiredClusterType=UNKNOWN, requiredReplicaSetName='null', serverSelector='null', clusterListeners='[]', serverSelectionTimeout='30000 ms', localThreshold='15 ms'}, socketSettings=SocketSettings{connectTimeoutMS=10000, readTimeoutMS=0, receiveBufferSize=0, proxySettings=ProxySettings{host=null, port=null, username=null, password=null}}, heartbeatSocketSettings=SocketSettings{connectTimeoutMS=10000, readTimeoutMS=10000, receiveBufferSize=0, proxySettings=ProxySettings{host=null, port=null, username=null, password=null}}, connectionPoolSettings=ConnectionPoolSettings{maxSize=100, minSize=0, maxWaitTimeMS=120000, maxConnectionLifeTimeMS=0, maxConnectionIdleTimeMS=0, maintenanceInitialDelayMS=0, maintenanceFrequencyMS=60000, connectionPoolListeners=[], maxConnecting=2}, serverSettings=ServerSettings{heartbeatFrequencyMS=10000, minHeartbeatFrequencyMS=500, serverListeners='[]', serverMonitorListeners='[]'}, sslSettings=SslSettings{enabled=false, invalidHostNameAllowed=false, context=null}, applicationName='null', compressorList=[], uuidRepresentation=JAVA_LEGACY, serverApi=null, autoEncryptionSettings=null, dnsClient=null, inetAddressResolver=null, contextProvider=null}
2025-07-21T17:20:10.185+03:00  INFO 59443 --- [localhost:27017] org.mongodb.driver.cluster               : Exception in monitor thread while connecting to server localhost:27017

com.mongodb.MongoSocketOpenException: Exception opening socket
	at com.mongodb.internal.connection.SocketStream.lambda$open$0(SocketStream.java:86) ~[mongodb-driver-core-5.0.1.jar:na]
	at java.base/java.util.Optional.orElseThrow(Optional.java:403) ~[na:na]
	at com.mongodb.internal.connection.SocketStream.open(SocketStream.java:86) ~[mongodb-driver-core-5.0.1.jar:na]
	at com.mongodb.internal.connection.InternalStreamConnection.open(InternalStreamConnection.java:201) ~[mongodb-driver-core-5.0.1.jar:na]
	at com.mongodb.internal.connection.DefaultServerMonitor$ServerMonitorRunnable.lookupServerDescription(DefaultServerMonitor.java:193) ~[mongodb-driver-core-5.0.1.jar:na]
	at com.mongodb.internal.connection.DefaultServerMonitor$ServerMonitorRunnable.run(DefaultServerMonitor.java:153) ~[mongodb-driver-core-5.0.1.jar:na]
	at java.base/java.lang.Thread.run(Thread.java:1583) ~[na:na]
Caused by: java.net.ConnectException: Connection refused
	at java.base/sun.nio.ch.Net.pollConnect(Native Method) ~[na:na]
	at java.base/sun.nio.ch.Net.pollConnectNow(Net.java:682) ~[na:na]
	at java.base/sun.nio.ch.NioSocketImpl.timedFinishConnect(NioSocketImpl.java:542) ~[na:na]
	at java.base/sun.nio.ch.NioSocketImpl.connect(NioSocketImpl.java:592) ~[na:na]
	at java.base/java.net.SocksSocketImpl.connect(SocksSocketImpl.java:327) ~[na:na]
	at java.base/java.net.Socket.connect(Socket.java:751) ~[na:na]
	at com.mongodb.internal.connection.SocketStreamHelper.initialize(SocketStreamHelper.java:76) ~[mongodb-driver-core-5.0.1.jar:na]
	at com.mongodb.internal.connection.SocketStream.initializeSocket(SocketStream.java:105) ~[mongodb-driver-core-5.0.1.jar:na]
	at com.mongodb.internal.connection.SocketStream.open(SocketStream.java:80) ~[mongodb-driver-core-5.0.1.jar:na]
	... 4 common frames omitted

2025-07-21T17:20:10.308+03:00  WARN 59443 --- [           main] .s.s.UserDetailsServiceAutoConfiguration : 

Using generated security password: c81b5514-6865-483c-a20f-b37a8e69ea8e

This generated password is for development use only. Your security configuration must be updated before running your application in production.

2025-07-21T17:20:10.316+03:00  INFO 59443 --- [           main] r$InitializeUserDetailsManagerConfigurer : Global AuthenticationManager configured with UserDetailsService bean with name inMemoryUserDetailsManager
2025-07-21T17:20:10.369+03:00  INFO 59443 --- [           main] o.s.s.web.DefaultSecurityFilterChain     : Will secure any request with [org.springframework.security.web.session.DisableEncodeUrlFilter@a7bbdbc, org.springframework.security.web.context.request.async.WebAsyncManagerIntegrationFilter@63eea8c4, org.springframework.security.web.context.SecurityContextHolderFilter@2b9ecd05, org.springframework.security.web.header.HeaderWriterFilter@56499781, org.springframework.web.filter.CorsFilter@19924f15, org.springframework.security.web.csrf.CsrfFilter@26cdd4af, org.springframework.security.web.authentication.logout.LogoutFilter@2de7c84a, org.springframework.security.web.authentication.UsernamePasswordAuthenticationFilter@6ffc6ea7, org.springframework.security.web.authentication.ui.DefaultLoginPageGeneratingFilter@340fc1aa, org.springframework.security.web.authentication.ui.DefaultLogoutPageGeneratingFilter@621392ea, org.springframework.security.web.authentication.www.BasicAuthenticationFilter@397a10df, org.springframework.security.web.savedrequest.RequestCacheAwareFilter@3ec7ad61, org.springframework.security.web.servletapi.SecurityContextHolderAwareRequestFilter@7598d675, org.springframework.security.web.authentication.AnonymousAuthenticationFilter@35524549, org.springframework.security.web.access.ExceptionTranslationFilter@290807e5, org.springframework.security.web.access.intercept.AuthorizationFilter@2374452a]
2025-07-21T17:20:10.403+03:00  INFO 59443 --- [           main] c.dynapi.dynapi.DynapiApplicationTests   : Started DynapiApplicationTests in 2.091 seconds (process running for 2.931)
]]></system-out>
    <system-err><![CDATA[WARNING: A Java agent has been loaded dynamically (/Users/yunusakin/.m2/repository/net/bytebuddy/byte-buddy-agent/1.14.16/byte-buddy-agent-1.14.16.jar)
WARNING: If a serviceability tool is in use, please run with -XX:+EnableDynamicAgentLoading to hide this warning
WARNING: If a serviceability tool is not in use, please run with -Djdk.instrument.traceUsage for more information
WARNING: Dynamic loading of agents will be disallowed by default in a future release
]]></system-err>
  </testcase>
</testsuite>